{"error":{},"level":"error","message":"uncaughtException: Invalid transport, must be an object with a log method.\nError: Invalid transport, must be an object with a log method.\n    at new LegacyTransportStream (C:\\Users\\Developer\\source\\Interviews\\rule-validation\\node_modules\\winston-transport\\legacy.js:18:11)\n    at DerivedLogger.add (C:\\Users\\Developer\\source\\Interviews\\rule-validation\\node_modules\\winston\\lib\\winston\\logger.js:345:11)\n    at Object.winston.<computed> [as add] (C:\\Users\\Developer\\source\\Interviews\\rule-validation\\node_modules\\winston\\lib\\winston.js:111:68)\n    at module.exports (C:\\Users\\Developer\\source\\Interviews\\rule-validation\\startup\\logging.js:13:11)\n    at Object.<anonymous> (C:\\Users\\Developer\\source\\Interviews\\rule-validation\\index.js:6:29)\n    at Module._compile (internal/modules/cjs/loader.js:1063:30)\n    at Object.Module._extensions..js (internal/modules/cjs/loader.js:1092:10)\n    at Module.load (internal/modules/cjs/loader.js:928:32)\n    at Function.Module._load (internal/modules/cjs/loader.js:769:14)\n    at Function.executeUserEntryPoint [as runMain] (internal/modules/run_main.js:72:12)","stack":"Error: Invalid transport, must be an object with a log method.\n    at new LegacyTransportStream (C:\\Users\\Developer\\source\\Interviews\\rule-validation\\node_modules\\winston-transport\\legacy.js:18:11)\n    at DerivedLogger.add (C:\\Users\\Developer\\source\\Interviews\\rule-validation\\node_modules\\winston\\lib\\winston\\logger.js:345:11)\n    at Object.winston.<computed> [as add] (C:\\Users\\Developer\\source\\Interviews\\rule-validation\\node_modules\\winston\\lib\\winston.js:111:68)\n    at module.exports (C:\\Users\\Developer\\source\\Interviews\\rule-validation\\startup\\logging.js:13:11)\n    at Object.<anonymous> (C:\\Users\\Developer\\source\\Interviews\\rule-validation\\index.js:6:29)\n    at Module._compile (internal/modules/cjs/loader.js:1063:30)\n    at Object.Module._extensions..js (internal/modules/cjs/loader.js:1092:10)\n    at Module.load (internal/modules/cjs/loader.js:928:32)\n    at Function.Module._load (internal/modules/cjs/loader.js:769:14)\n    at Function.executeUserEntryPoint [as runMain] (internal/modules/run_main.js:72:12)","exception":true,"date":"Sat Jan 30 2021 01:07:10 GMT+0100 (West Africa Standard Time)","process":{"pid":2920,"uid":null,"gid":null,"cwd":"C:\\Users\\Developer\\source\\Interviews\\rule-validation","execPath":"C:\\Program Files\\nodejs\\node.exe","version":"v14.15.4","argv":["C:\\Program Files\\nodejs\\node.exe","C:\\Users\\Developer\\source\\Interviews\\rule-validation\\index.js"],"memoryUsage":{"rss":35151872,"heapTotal":16584704,"heapUsed":9057056,"external":1403546,"arrayBuffers":93848}},"os":{"loadavg":[0,0,0],"uptime":109873},"trace":[{"column":11,"file":"C:\\Users\\Developer\\source\\Interviews\\rule-validation\\node_modules\\winston-transport\\legacy.js","function":"new LegacyTransportStream","line":18,"method":null,"native":false},{"column":11,"file":"C:\\Users\\Developer\\source\\Interviews\\rule-validation\\node_modules\\winston\\lib\\winston\\logger.js","function":"DerivedLogger.add","line":345,"method":"add","native":false},{"column":68,"file":"C:\\Users\\Developer\\source\\Interviews\\rule-validation\\node_modules\\winston\\lib\\winston.js","function":"Object.winston.<computed> [as add]","line":111,"method":"<computed> [as add]","native":false},{"column":11,"file":"C:\\Users\\Developer\\source\\Interviews\\rule-validation\\startup\\logging.js","function":"module.exports","line":13,"method":"exports","native":false},{"column":29,"file":"C:\\Users\\Developer\\source\\Interviews\\rule-validation\\index.js","function":null,"line":6,"method":null,"native":false},{"column":30,"file":"internal/modules/cjs/loader.js","function":"Module._compile","line":1063,"method":"_compile","native":false},{"column":10,"file":"internal/modules/cjs/loader.js","function":"Module._extensions..js","line":1092,"method":".js","native":false},{"column":32,"file":"internal/modules/cjs/loader.js","function":"Module.load","line":928,"method":"load","native":false},{"column":14,"file":"internal/modules/cjs/loader.js","function":"Module._load","line":769,"method":"_load","native":false},{"column":12,"file":"internal/modules/run_main.js","function":"Function.executeUserEntryPoint [as runMain]","line":72,"method":"executeUserEntryPoint [as runMain]","native":false}]}
{"error":{},"level":"error","message":"uncaughtException: Invalid transport, must be an object with a log method.\nError: Invalid transport, must be an object with a log method.\n    at new LegacyTransportStream (C:\\Users\\Developer\\source\\Interviews\\rule-validation\\node_modules\\winston-transport\\legacy.js:18:11)\n    at DerivedLogger.add (C:\\Users\\Developer\\source\\Interviews\\rule-validation\\node_modules\\winston\\lib\\winston\\logger.js:345:11)\n    at Object.winston.<computed> [as add] (C:\\Users\\Developer\\source\\Interviews\\rule-validation\\node_modules\\winston\\lib\\winston.js:111:68)\n    at module.exports (C:\\Users\\Developer\\source\\Interviews\\rule-validation\\startup\\logging.js:13:11)\n    at Object.<anonymous> (C:\\Users\\Developer\\source\\Interviews\\rule-validation\\index.js:6:29)\n    at Module._compile (internal/modules/cjs/loader.js:1063:30)\n    at Object.Module._extensions..js (internal/modules/cjs/loader.js:1092:10)\n    at Module.load (internal/modules/cjs/loader.js:928:32)\n    at Function.Module._load (internal/modules/cjs/loader.js:769:14)\n    at Function.executeUserEntryPoint [as runMain] (internal/modules/run_main.js:72:12)","stack":"Error: Invalid transport, must be an object with a log method.\n    at new LegacyTransportStream (C:\\Users\\Developer\\source\\Interviews\\rule-validation\\node_modules\\winston-transport\\legacy.js:18:11)\n    at DerivedLogger.add (C:\\Users\\Developer\\source\\Interviews\\rule-validation\\node_modules\\winston\\lib\\winston\\logger.js:345:11)\n    at Object.winston.<computed> [as add] (C:\\Users\\Developer\\source\\Interviews\\rule-validation\\node_modules\\winston\\lib\\winston.js:111:68)\n    at module.exports (C:\\Users\\Developer\\source\\Interviews\\rule-validation\\startup\\logging.js:13:11)\n    at Object.<anonymous> (C:\\Users\\Developer\\source\\Interviews\\rule-validation\\index.js:6:29)\n    at Module._compile (internal/modules/cjs/loader.js:1063:30)\n    at Object.Module._extensions..js (internal/modules/cjs/loader.js:1092:10)\n    at Module.load (internal/modules/cjs/loader.js:928:32)\n    at Function.Module._load (internal/modules/cjs/loader.js:769:14)\n    at Function.executeUserEntryPoint [as runMain] (internal/modules/run_main.js:72:12)","exception":true,"date":"Sat Jan 30 2021 03:00:26 GMT+0100 (West Africa Standard Time)","process":{"pid":19948,"uid":null,"gid":null,"cwd":"C:\\Users\\Developer\\source\\Interviews\\rule-validation","execPath":"C:\\Program Files\\nodejs\\node.exe","version":"v14.15.4","argv":["C:\\Program Files\\nodejs\\node.exe","C:\\Users\\Developer\\source\\Interviews\\rule-validation\\index.js"],"memoryUsage":{"rss":37789696,"heapTotal":16584704,"heapUsed":9042664,"external":1403546,"arrayBuffers":93848}},"os":{"loadavg":[0,0,0],"uptime":116670},"trace":[{"column":11,"file":"C:\\Users\\Developer\\source\\Interviews\\rule-validation\\node_modules\\winston-transport\\legacy.js","function":"new LegacyTransportStream","line":18,"method":null,"native":false},{"column":11,"file":"C:\\Users\\Developer\\source\\Interviews\\rule-validation\\node_modules\\winston\\lib\\winston\\logger.js","function":"DerivedLogger.add","line":345,"method":"add","native":false},{"column":68,"file":"C:\\Users\\Developer\\source\\Interviews\\rule-validation\\node_modules\\winston\\lib\\winston.js","function":"Object.winston.<computed> [as add]","line":111,"method":"<computed> [as add]","native":false},{"column":11,"file":"C:\\Users\\Developer\\source\\Interviews\\rule-validation\\startup\\logging.js","function":"module.exports","line":13,"method":"exports","native":false},{"column":29,"file":"C:\\Users\\Developer\\source\\Interviews\\rule-validation\\index.js","function":null,"line":6,"method":null,"native":false},{"column":30,"file":"internal/modules/cjs/loader.js","function":"Module._compile","line":1063,"method":"_compile","native":false},{"column":10,"file":"internal/modules/cjs/loader.js","function":"Module._extensions..js","line":1092,"method":".js","native":false},{"column":32,"file":"internal/modules/cjs/loader.js","function":"Module.load","line":928,"method":"load","native":false},{"column":14,"file":"internal/modules/cjs/loader.js","function":"Module._load","line":769,"method":"_load","native":false},{"column":12,"file":"internal/modules/run_main.js","function":"Function.executeUserEntryPoint [as runMain]","line":72,"method":"executeUserEntryPoint [as runMain]","native":false}]}
{"error":{"code":"MODULE_NOT_FOUND","requireStack":["C:\\Users\\Developer\\source\\Interviews\\rule-validation\\startup\\db.js","C:\\Users\\Developer\\source\\Interviews\\rule-validation\\index.js"]},"level":"error","message":"uncaughtException: Cannot find module 'mongoose'\nRequire stack:\n- C:\\Users\\Developer\\source\\Interviews\\rule-validation\\startup\\db.js\n- C:\\Users\\Developer\\source\\Interviews\\rule-validation\\index.js\nError: Cannot find module 'mongoose'\nRequire stack:\n- C:\\Users\\Developer\\source\\Interviews\\rule-validation\\startup\\db.js\n- C:\\Users\\Developer\\source\\Interviews\\rule-validation\\index.js\n    at Function.Module._resolveFilename (internal/modules/cjs/loader.js:880:15)\n    at Function.Module._load (internal/modules/cjs/loader.js:725:27)\n    at Module.require (internal/modules/cjs/loader.js:952:19)\n    at require (internal/modules/cjs/helpers.js:88:18)\n    at Object.<anonymous> (C:\\Users\\Developer\\source\\Interviews\\rule-validation\\startup\\db.js:2:18)\n    at Module._compile (internal/modules/cjs/loader.js:1063:30)\n    at Object.Module._extensions..js (internal/modules/cjs/loader.js:1092:10)\n    at Module.load (internal/modules/cjs/loader.js:928:32)\n    at Function.Module._load (internal/modules/cjs/loader.js:769:14)\n    at Module.require (internal/modules/cjs/loader.js:952:19)","stack":"Error: Cannot find module 'mongoose'\nRequire stack:\n- C:\\Users\\Developer\\source\\Interviews\\rule-validation\\startup\\db.js\n- C:\\Users\\Developer\\source\\Interviews\\rule-validation\\index.js\n    at Function.Module._resolveFilename (internal/modules/cjs/loader.js:880:15)\n    at Function.Module._load (internal/modules/cjs/loader.js:725:27)\n    at Module.require (internal/modules/cjs/loader.js:952:19)\n    at require (internal/modules/cjs/helpers.js:88:18)\n    at Object.<anonymous> (C:\\Users\\Developer\\source\\Interviews\\rule-validation\\startup\\db.js:2:18)\n    at Module._compile (internal/modules/cjs/loader.js:1063:30)\n    at Object.Module._extensions..js (internal/modules/cjs/loader.js:1092:10)\n    at Module.load (internal/modules/cjs/loader.js:928:32)\n    at Function.Module._load (internal/modules/cjs/loader.js:769:14)\n    at Module.require (internal/modules/cjs/loader.js:952:19)","exception":true,"date":"Sat Jan 30 2021 07:53:05 GMT+0100 (West Africa Standard Time)","process":{"pid":1492,"uid":null,"gid":null,"cwd":"C:\\Users\\Developer\\source\\Interviews\\rule-validation","execPath":"C:\\Program Files\\nodejs\\node.exe","version":"v14.15.4","argv":["C:\\Program Files\\nodejs\\node.exe","C:\\Users\\Developer\\source\\Interviews\\rule-validation\\index.js"],"memoryUsage":{"rss":35221504,"heapTotal":16322560,"heapUsed":9147544,"external":1411738,"arrayBuffers":102040}},"os":{"loadavg":[0,0,0],"uptime":134228},"trace":[{"column":15,"file":"internal/modules/cjs/loader.js","function":"Module._resolveFilename","line":880,"method":"_resolveFilename","native":false},{"column":27,"file":"internal/modules/cjs/loader.js","function":"Module._load","line":725,"method":"_load","native":false},{"column":19,"file":"internal/modules/cjs/loader.js","function":"Module.require","line":952,"method":"require","native":false},{"column":18,"file":"internal/modules/cjs/helpers.js","function":"require","line":88,"method":null,"native":false},{"column":18,"file":"C:\\Users\\Developer\\source\\Interviews\\rule-validation\\startup\\db.js","function":null,"line":2,"method":null,"native":false},{"column":30,"file":"internal/modules/cjs/loader.js","function":"Module._compile","line":1063,"method":"_compile","native":false},{"column":10,"file":"internal/modules/cjs/loader.js","function":"Module._extensions..js","line":1092,"method":".js","native":false},{"column":32,"file":"internal/modules/cjs/loader.js","function":"Module.load","line":928,"method":"load","native":false},{"column":14,"file":"internal/modules/cjs/loader.js","function":"Module._load","line":769,"method":"_load","native":false},{"column":19,"file":"internal/modules/cjs/loader.js","function":"Module.require","line":952,"method":"require","native":false}]}
{"error":{"code":"MODULE_NOT_FOUND","requireStack":["C:\\Users\\Developer\\source\\Interviews\\rule-validation\\startup\\routes.js","C:\\Users\\Developer\\source\\Interviews\\rule-validation\\index.js"]},"level":"error","message":"uncaughtException: Cannot find module '../route/endpoint'\nRequire stack:\n- C:\\Users\\Developer\\source\\Interviews\\rule-validation\\startup\\routes.js\n- C:\\Users\\Developer\\source\\Interviews\\rule-validation\\index.js\nError: Cannot find module '../route/endpoint'\nRequire stack:\n- C:\\Users\\Developer\\source\\Interviews\\rule-validation\\startup\\routes.js\n- C:\\Users\\Developer\\source\\Interviews\\rule-validation\\index.js\n    at Function.Module._resolveFilename (internal/modules/cjs/loader.js:880:15)\n    at Function.Module._load (internal/modules/cjs/loader.js:725:27)\n    at Module.require (internal/modules/cjs/loader.js:952:19)\n    at require (internal/modules/cjs/helpers.js:88:18)\n    at Object.<anonymous> (C:\\Users\\Developer\\source\\Interviews\\rule-validation\\startup\\routes.js:5:18)\n    at Module._compile (internal/modules/cjs/loader.js:1063:30)\n    at Object.Module._extensions..js (internal/modules/cjs/loader.js:1092:10)\n    at Module.load (internal/modules/cjs/loader.js:928:32)\n    at Function.Module._load (internal/modules/cjs/loader.js:769:14)\n    at Module.require (internal/modules/cjs/loader.js:952:19)\n    at require (internal/modules/cjs/helpers.js:88:18)\n    at Object.<anonymous> (C:\\Users\\Developer\\source\\Interviews\\rule-validation\\index.js:9:1)\n    at Module._compile (internal/modules/cjs/loader.js:1063:30)\n    at Object.Module._extensions..js (internal/modules/cjs/loader.js:1092:10)\n    at Module.load (internal/modules/cjs/loader.js:928:32)\n    at Function.Module._load (internal/modules/cjs/loader.js:769:14)","stack":"Error: Cannot find module '../route/endpoint'\nRequire stack:\n- C:\\Users\\Developer\\source\\Interviews\\rule-validation\\startup\\routes.js\n- C:\\Users\\Developer\\source\\Interviews\\rule-validation\\index.js\n    at Function.Module._resolveFilename (internal/modules/cjs/loader.js:880:15)\n    at Function.Module._load (internal/modules/cjs/loader.js:725:27)\n    at Module.require (internal/modules/cjs/loader.js:952:19)\n    at require (internal/modules/cjs/helpers.js:88:18)\n    at Object.<anonymous> (C:\\Users\\Developer\\source\\Interviews\\rule-validation\\startup\\routes.js:5:18)\n    at Module._compile (internal/modules/cjs/loader.js:1063:30)\n    at Object.Module._extensions..js (internal/modules/cjs/loader.js:1092:10)\n    at Module.load (internal/modules/cjs/loader.js:928:32)\n    at Function.Module._load (internal/modules/cjs/loader.js:769:14)\n    at Module.require (internal/modules/cjs/loader.js:952:19)\n    at require (internal/modules/cjs/helpers.js:88:18)\n    at Object.<anonymous> (C:\\Users\\Developer\\source\\Interviews\\rule-validation\\index.js:9:1)\n    at Module._compile (internal/modules/cjs/loader.js:1063:30)\n    at Object.Module._extensions..js (internal/modules/cjs/loader.js:1092:10)\n    at Module.load (internal/modules/cjs/loader.js:928:32)\n    at Function.Module._load (internal/modules/cjs/loader.js:769:14)","exception":true,"date":"Sat Jan 30 2021 10:31:38 GMT+0100 (West Africa Standard Time)","process":{"pid":4236,"uid":null,"gid":null,"cwd":"C:\\Users\\Developer\\source\\Interviews\\rule-validation","execPath":"C:\\Program Files\\nodejs\\node.exe","version":"v14.15.4","argv":["C:\\Program Files\\nodejs\\node.exe","C:\\Users\\Developer\\source\\Interviews\\rule-validation\\index.js"],"memoryUsage":{"rss":57483264,"heapTotal":32673792,"heapUsed":20867512,"external":20462953,"arrayBuffers":18998894}},"os":{"loadavg":[0,0,0],"uptime":143741},"trace":[{"column":15,"file":"internal/modules/cjs/loader.js","function":"Module._resolveFilename","line":880,"method":"_resolveFilename","native":false},{"column":27,"file":"internal/modules/cjs/loader.js","function":"Module._load","line":725,"method":"_load","native":false},{"column":19,"file":"internal/modules/cjs/loader.js","function":"Module.require","line":952,"method":"require","native":false},{"column":18,"file":"internal/modules/cjs/helpers.js","function":"require","line":88,"method":null,"native":false},{"column":18,"file":"C:\\Users\\Developer\\source\\Interviews\\rule-validation\\startup\\routes.js","function":null,"line":5,"method":null,"native":false},{"column":30,"file":"internal/modules/cjs/loader.js","function":"Module._compile","line":1063,"method":"_compile","native":false},{"column":10,"file":"internal/modules/cjs/loader.js","function":"Module._extensions..js","line":1092,"method":".js","native":false},{"column":32,"file":"internal/modules/cjs/loader.js","function":"Module.load","line":928,"method":"load","native":false},{"column":14,"file":"internal/modules/cjs/loader.js","function":"Module._load","line":769,"method":"_load","native":false},{"column":19,"file":"internal/modules/cjs/loader.js","function":"Module.require","line":952,"method":"require","native":false},{"column":18,"file":"internal/modules/cjs/helpers.js","function":"require","line":88,"method":null,"native":false},{"column":1,"file":"C:\\Users\\Developer\\source\\Interviews\\rule-validation\\index.js","function":null,"line":9,"method":null,"native":false},{"column":30,"file":"internal/modules/cjs/loader.js","function":"Module._compile","line":1063,"method":"_compile","native":false},{"column":10,"file":"internal/modules/cjs/loader.js","function":"Module._extensions..js","line":1092,"method":".js","native":false},{"column":32,"file":"internal/modules/cjs/loader.js","function":"Module.load","line":928,"method":"load","native":false},{"column":14,"file":"internal/modules/cjs/loader.js","function":"Module._load","line":769,"method":"_load","native":false}]}
{"error":{},"level":"error","message":"uncaughtException: Invalid shorthand property initializer\nC:\\Users\\Developer\\source\\Interviews\\rule-validation\\routes\\endpoint.js:9\n        name = config.get(\"name\"),\n        ^^^^^^^^^^^^^^^^^^^^^^^^^\n\nSyntaxError: Invalid shorthand property initializer\n    at wrapSafe (internal/modules/cjs/loader.js:979:16)\n    at Module._compile (internal/modules/cjs/loader.js:1027:27)\n    at Object.Module._extensions..js (internal/modules/cjs/loader.js:1092:10)\n    at Module.load (internal/modules/cjs/loader.js:928:32)\n    at Function.Module._load (internal/modules/cjs/loader.js:769:14)\n    at Module.require (internal/modules/cjs/loader.js:952:19)\n    at require (internal/modules/cjs/helpers.js:88:18)\n    at Object.<anonymous> (C:\\Users\\Developer\\source\\Interviews\\rule-validation\\startup\\routes.js:5:18)\n    at Module._compile (internal/modules/cjs/loader.js:1063:30)\n    at Object.Module._extensions..js (internal/modules/cjs/loader.js:1092:10)\n    at Module.load (internal/modules/cjs/loader.js:928:32)\n    at Function.Module._load (internal/modules/cjs/loader.js:769:14)\n    at Module.require (internal/modules/cjs/loader.js:952:19)\n    at require (internal/modules/cjs/helpers.js:88:18)\n    at Object.<anonymous> (C:\\Users\\Developer\\source\\Interviews\\rule-validation\\index.js:9:1)\n    at Module._compile (internal/modules/cjs/loader.js:1063:30)","stack":"C:\\Users\\Developer\\source\\Interviews\\rule-validation\\routes\\endpoint.js:9\n        name = config.get(\"name\"),\n        ^^^^^^^^^^^^^^^^^^^^^^^^^\n\nSyntaxError: Invalid shorthand property initializer\n    at wrapSafe (internal/modules/cjs/loader.js:979:16)\n    at Module._compile (internal/modules/cjs/loader.js:1027:27)\n    at Object.Module._extensions..js (internal/modules/cjs/loader.js:1092:10)\n    at Module.load (internal/modules/cjs/loader.js:928:32)\n    at Function.Module._load (internal/modules/cjs/loader.js:769:14)\n    at Module.require (internal/modules/cjs/loader.js:952:19)\n    at require (internal/modules/cjs/helpers.js:88:18)\n    at Object.<anonymous> (C:\\Users\\Developer\\source\\Interviews\\rule-validation\\startup\\routes.js:5:18)\n    at Module._compile (internal/modules/cjs/loader.js:1063:30)\n    at Object.Module._extensions..js (internal/modules/cjs/loader.js:1092:10)\n    at Module.load (internal/modules/cjs/loader.js:928:32)\n    at Function.Module._load (internal/modules/cjs/loader.js:769:14)\n    at Module.require (internal/modules/cjs/loader.js:952:19)\n    at require (internal/modules/cjs/helpers.js:88:18)\n    at Object.<anonymous> (C:\\Users\\Developer\\source\\Interviews\\rule-validation\\index.js:9:1)\n    at Module._compile (internal/modules/cjs/loader.js:1063:30)","exception":true,"date":"Sat Jan 30 2021 10:32:05 GMT+0100 (West Africa Standard Time)","process":{"pid":7588,"uid":null,"gid":null,"cwd":"C:\\Users\\Developer\\source\\Interviews\\rule-validation","execPath":"C:\\Program Files\\nodejs\\node.exe","version":"v14.15.4","argv":["C:\\Program Files\\nodejs\\node.exe","C:\\Users\\Developer\\source\\Interviews\\rule-validation\\index.js"],"memoryUsage":{"rss":58355712,"heapTotal":33198080,"heapUsed":18809072,"external":20148911,"arrayBuffers":18684852}},"os":{"loadavg":[0,0,0],"uptime":143769},"trace":[{"column":16,"file":"internal/modules/cjs/loader.js","function":"wrapSafe","line":979,"method":null,"native":false},{"column":27,"file":"internal/modules/cjs/loader.js","function":"Module._compile","line":1027,"method":"_compile","native":false},{"column":10,"file":"internal/modules/cjs/loader.js","function":"Module._extensions..js","line":1092,"method":".js","native":false},{"column":32,"file":"internal/modules/cjs/loader.js","function":"Module.load","line":928,"method":"load","native":false},{"column":14,"file":"internal/modules/cjs/loader.js","function":"Module._load","line":769,"method":"_load","native":false},{"column":19,"file":"internal/modules/cjs/loader.js","function":"Module.require","line":952,"method":"require","native":false},{"column":18,"file":"internal/modules/cjs/helpers.js","function":"require","line":88,"method":null,"native":false},{"column":18,"file":"C:\\Users\\Developer\\source\\Interviews\\rule-validation\\startup\\routes.js","function":null,"line":5,"method":null,"native":false},{"column":30,"file":"internal/modules/cjs/loader.js","function":"Module._compile","line":1063,"method":"_compile","native":false},{"column":10,"file":"internal/modules/cjs/loader.js","function":"Module._extensions..js","line":1092,"method":".js","native":false},{"column":32,"file":"internal/modules/cjs/loader.js","function":"Module.load","line":928,"method":"load","native":false},{"column":14,"file":"internal/modules/cjs/loader.js","function":"Module._load","line":769,"method":"_load","native":false},{"column":19,"file":"internal/modules/cjs/loader.js","function":"Module.require","line":952,"method":"require","native":false},{"column":18,"file":"internal/modules/cjs/helpers.js","function":"require","line":88,"method":null,"native":false},{"column":1,"file":"C:\\Users\\Developer\\source\\Interviews\\rule-validation\\index.js","function":null,"line":9,"method":null,"native":false},{"column":30,"file":"internal/modules/cjs/loader.js","function":"Module._compile","line":1063,"method":"_compile","native":false}]}
{"error":{},"level":"error","message":"uncaughtException: Invalid shorthand property initializer\nC:\\Users\\Developer\\source\\Interviews\\rule-validation\\routes\\endpoint.js:9\n        pname = config.get(\"profile_name\"),\n        ^^^^^^^^^^^^^^^^^^^^^^^^^^^^^^^^^^\n\nSyntaxError: Invalid shorthand property initializer\n    at wrapSafe (internal/modules/cjs/loader.js:979:16)\n    at Module._compile (internal/modules/cjs/loader.js:1027:27)\n    at Object.Module._extensions..js (internal/modules/cjs/loader.js:1092:10)\n    at Module.load (internal/modules/cjs/loader.js:928:32)\n    at Function.Module._load (internal/modules/cjs/loader.js:769:14)\n    at Module.require (internal/modules/cjs/loader.js:952:19)\n    at require (internal/modules/cjs/helpers.js:88:18)\n    at Object.<anonymous> (C:\\Users\\Developer\\source\\Interviews\\rule-validation\\startup\\routes.js:5:18)\n    at Module._compile (internal/modules/cjs/loader.js:1063:30)\n    at Object.Module._extensions..js (internal/modules/cjs/loader.js:1092:10)\n    at Module.load (internal/modules/cjs/loader.js:928:32)\n    at Function.Module._load (internal/modules/cjs/loader.js:769:14)\n    at Module.require (internal/modules/cjs/loader.js:952:19)\n    at require (internal/modules/cjs/helpers.js:88:18)\n    at Object.<anonymous> (C:\\Users\\Developer\\source\\Interviews\\rule-validation\\index.js:9:1)\n    at Module._compile (internal/modules/cjs/loader.js:1063:30)","stack":"C:\\Users\\Developer\\source\\Interviews\\rule-validation\\routes\\endpoint.js:9\n        pname = config.get(\"profile_name\"),\n        ^^^^^^^^^^^^^^^^^^^^^^^^^^^^^^^^^^\n\nSyntaxError: Invalid shorthand property initializer\n    at wrapSafe (internal/modules/cjs/loader.js:979:16)\n    at Module._compile (internal/modules/cjs/loader.js:1027:27)\n    at Object.Module._extensions..js (internal/modules/cjs/loader.js:1092:10)\n    at Module.load (internal/modules/cjs/loader.js:928:32)\n    at Function.Module._load (internal/modules/cjs/loader.js:769:14)\n    at Module.require (internal/modules/cjs/loader.js:952:19)\n    at require (internal/modules/cjs/helpers.js:88:18)\n    at Object.<anonymous> (C:\\Users\\Developer\\source\\Interviews\\rule-validation\\startup\\routes.js:5:18)\n    at Module._compile (internal/modules/cjs/loader.js:1063:30)\n    at Object.Module._extensions..js (internal/modules/cjs/loader.js:1092:10)\n    at Module.load (internal/modules/cjs/loader.js:928:32)\n    at Function.Module._load (internal/modules/cjs/loader.js:769:14)\n    at Module.require (internal/modules/cjs/loader.js:952:19)\n    at require (internal/modules/cjs/helpers.js:88:18)\n    at Object.<anonymous> (C:\\Users\\Developer\\source\\Interviews\\rule-validation\\index.js:9:1)\n    at Module._compile (internal/modules/cjs/loader.js:1063:30)","exception":true,"date":"Sat Jan 30 2021 10:41:51 GMT+0100 (West Africa Standard Time)","process":{"pid":22812,"uid":null,"gid":null,"cwd":"C:\\Users\\Developer\\source\\Interviews\\rule-validation","execPath":"C:\\Program Files\\nodejs\\node.exe","version":"v14.15.4","argv":["C:\\Program Files\\nodejs\\node.exe","C:\\Users\\Developer\\source\\Interviews\\rule-validation\\index.js"],"memoryUsage":{"rss":58073088,"heapTotal":33198080,"heapUsed":18647624,"external":19924463,"arrayBuffers":18460404}},"os":{"loadavg":[0,0,0],"uptime":144354},"trace":[{"column":16,"file":"internal/modules/cjs/loader.js","function":"wrapSafe","line":979,"method":null,"native":false},{"column":27,"file":"internal/modules/cjs/loader.js","function":"Module._compile","line":1027,"method":"_compile","native":false},{"column":10,"file":"internal/modules/cjs/loader.js","function":"Module._extensions..js","line":1092,"method":".js","native":false},{"column":32,"file":"internal/modules/cjs/loader.js","function":"Module.load","line":928,"method":"load","native":false},{"column":14,"file":"internal/modules/cjs/loader.js","function":"Module._load","line":769,"method":"_load","native":false},{"column":19,"file":"internal/modules/cjs/loader.js","function":"Module.require","line":952,"method":"require","native":false},{"column":18,"file":"internal/modules/cjs/helpers.js","function":"require","line":88,"method":null,"native":false},{"column":18,"file":"C:\\Users\\Developer\\source\\Interviews\\rule-validation\\startup\\routes.js","function":null,"line":5,"method":null,"native":false},{"column":30,"file":"internal/modules/cjs/loader.js","function":"Module._compile","line":1063,"method":"_compile","native":false},{"column":10,"file":"internal/modules/cjs/loader.js","function":"Module._extensions..js","line":1092,"method":".js","native":false},{"column":32,"file":"internal/modules/cjs/loader.js","function":"Module.load","line":928,"method":"load","native":false},{"column":14,"file":"internal/modules/cjs/loader.js","function":"Module._load","line":769,"method":"_load","native":false},{"column":19,"file":"internal/modules/cjs/loader.js","function":"Module.require","line":952,"method":"require","native":false},{"column":18,"file":"internal/modules/cjs/helpers.js","function":"require","line":88,"method":null,"native":false},{"column":1,"file":"C:\\Users\\Developer\\source\\Interviews\\rule-validation\\index.js","function":null,"line":9,"method":null,"native":false},{"column":30,"file":"internal/modules/cjs/loader.js","function":"Module._compile","line":1063,"method":"_compile","native":false}]}
{"error":{},"level":"error","message":"uncaughtException: Cannot access 'express' before initialization\nReferenceError: Cannot access 'express' before initialization\n    at Object.<anonymous> (C:\\Users\\Developer\\source\\Interviews\\rule-validation\\routes\\endpoint.js:1:16)\n    at Module._compile (internal/modules/cjs/loader.js:1063:30)\n    at Object.Module._extensions..js (internal/modules/cjs/loader.js:1092:10)\n    at Module.load (internal/modules/cjs/loader.js:928:32)\n    at Function.Module._load (internal/modules/cjs/loader.js:769:14)\n    at Module.require (internal/modules/cjs/loader.js:952:19)\n    at require (internal/modules/cjs/helpers.js:88:18)\n    at Object.<anonymous> (C:\\Users\\Developer\\source\\Interviews\\rule-validation\\startup\\routes.js:5:18)\n    at Module._compile (internal/modules/cjs/loader.js:1063:30)\n    at Object.Module._extensions..js (internal/modules/cjs/loader.js:1092:10)\n    at Module.load (internal/modules/cjs/loader.js:928:32)\n    at Function.Module._load (internal/modules/cjs/loader.js:769:14)\n    at Module.require (internal/modules/cjs/loader.js:952:19)\n    at require (internal/modules/cjs/helpers.js:88:18)\n    at Object.<anonymous> (C:\\Users\\Developer\\source\\Interviews\\rule-validation\\index.js:9:1)\n    at Module._compile (internal/modules/cjs/loader.js:1063:30)","stack":"ReferenceError: Cannot access 'express' before initialization\n    at Object.<anonymous> (C:\\Users\\Developer\\source\\Interviews\\rule-validation\\routes\\endpoint.js:1:16)\n    at Module._compile (internal/modules/cjs/loader.js:1063:30)\n    at Object.Module._extensions..js (internal/modules/cjs/loader.js:1092:10)\n    at Module.load (internal/modules/cjs/loader.js:928:32)\n    at Function.Module._load (internal/modules/cjs/loader.js:769:14)\n    at Module.require (internal/modules/cjs/loader.js:952:19)\n    at require (internal/modules/cjs/helpers.js:88:18)\n    at Object.<anonymous> (C:\\Users\\Developer\\source\\Interviews\\rule-validation\\startup\\routes.js:5:18)\n    at Module._compile (internal/modules/cjs/loader.js:1063:30)\n    at Object.Module._extensions..js (internal/modules/cjs/loader.js:1092:10)\n    at Module.load (internal/modules/cjs/loader.js:928:32)\n    at Function.Module._load (internal/modules/cjs/loader.js:769:14)\n    at Module.require (internal/modules/cjs/loader.js:952:19)\n    at require (internal/modules/cjs/helpers.js:88:18)\n    at Object.<anonymous> (C:\\Users\\Developer\\source\\Interviews\\rule-validation\\index.js:9:1)\n    at Module._compile (internal/modules/cjs/loader.js:1063:30)","exception":true,"date":"Sat Jan 30 2021 10:42:32 GMT+0100 (West Africa Standard Time)","process":{"pid":20424,"uid":null,"gid":null,"cwd":"C:\\Users\\Developer\\source\\Interviews\\rule-validation","execPath":"C:\\Program Files\\nodejs\\node.exe","version":"v14.15.4","argv":["C:\\Program Files\\nodejs\\node.exe","C:\\Users\\Developer\\source\\Interviews\\rule-validation\\index.js"],"memoryUsage":{"rss":57696256,"heapTotal":32411648,"heapUsed":20813528,"external":20460760,"arrayBuffers":18996701}},"os":{"loadavg":[0,0,0],"uptime":144396},"trace":[{"column":16,"file":"C:\\Users\\Developer\\source\\Interviews\\rule-validation\\routes\\endpoint.js","function":null,"line":1,"method":null,"native":false},{"column":30,"file":"internal/modules/cjs/loader.js","function":"Module._compile","line":1063,"method":"_compile","native":false},{"column":10,"file":"internal/modules/cjs/loader.js","function":"Module._extensions..js","line":1092,"method":".js","native":false},{"column":32,"file":"internal/modules/cjs/loader.js","function":"Module.load","line":928,"method":"load","native":false},{"column":14,"file":"internal/modules/cjs/loader.js","function":"Module._load","line":769,"method":"_load","native":false},{"column":19,"file":"internal/modules/cjs/loader.js","function":"Module.require","line":952,"method":"require","native":false},{"column":18,"file":"internal/modules/cjs/helpers.js","function":"require","line":88,"method":null,"native":false},{"column":18,"file":"C:\\Users\\Developer\\source\\Interviews\\rule-validation\\startup\\routes.js","function":null,"line":5,"method":null,"native":false},{"column":30,"file":"internal/modules/cjs/loader.js","function":"Module._compile","line":1063,"method":"_compile","native":false},{"column":10,"file":"internal/modules/cjs/loader.js","function":"Module._extensions..js","line":1092,"method":".js","native":false},{"column":32,"file":"internal/modules/cjs/loader.js","function":"Module.load","line":928,"method":"load","native":false},{"column":14,"file":"internal/modules/cjs/loader.js","function":"Module._load","line":769,"method":"_load","native":false},{"column":19,"file":"internal/modules/cjs/loader.js","function":"Module.require","line":952,"method":"require","native":false},{"column":18,"file":"internal/modules/cjs/helpers.js","function":"require","line":88,"method":null,"native":false},{"column":1,"file":"C:\\Users\\Developer\\source\\Interviews\\rule-validation\\index.js","function":null,"line":9,"method":null,"native":false},{"column":30,"file":"internal/modules/cjs/loader.js","function":"Module._compile","line":1063,"method":"_compile","native":false}]}
{"error":{},"level":"error","message":"uncaughtException: Route.get() requires a callback function but got a [object Object]\nError: Route.get() requires a callback function but got a [object Object]\n    at Route.<computed> [as get] (C:\\Users\\Developer\\source\\Interviews\\rule-validation\\node_modules\\express\\lib\\router\\route.js:202:15)\n    at Function.app.<computed> [as get] (C:\\Users\\Developer\\source\\Interviews\\rule-validation\\node_modules\\express\\lib\\application.js:482:19)\n    at module.exports (C:\\Users\\Developer\\source\\Interviews\\rule-validation\\startup\\routes.js:13:5)\n    at Object.<anonymous> (C:\\Users\\Developer\\source\\Interviews\\rule-validation\\index.js:9:28)\n    at Module._compile (internal/modules/cjs/loader.js:1063:30)\n    at Object.Module._extensions..js (internal/modules/cjs/loader.js:1092:10)\n    at Module.load (internal/modules/cjs/loader.js:928:32)\n    at Function.Module._load (internal/modules/cjs/loader.js:769:14)\n    at Function.executeUserEntryPoint [as runMain] (internal/modules/run_main.js:72:12)\n    at internal/main/run_main_module.js:17:47","stack":"Error: Route.get() requires a callback function but got a [object Object]\n    at Route.<computed> [as get] (C:\\Users\\Developer\\source\\Interviews\\rule-validation\\node_modules\\express\\lib\\router\\route.js:202:15)\n    at Function.app.<computed> [as get] (C:\\Users\\Developer\\source\\Interviews\\rule-validation\\node_modules\\express\\lib\\application.js:482:19)\n    at module.exports (C:\\Users\\Developer\\source\\Interviews\\rule-validation\\startup\\routes.js:13:5)\n    at Object.<anonymous> (C:\\Users\\Developer\\source\\Interviews\\rule-validation\\index.js:9:28)\n    at Module._compile (internal/modules/cjs/loader.js:1063:30)\n    at Object.Module._extensions..js (internal/modules/cjs/loader.js:1092:10)\n    at Module.load (internal/modules/cjs/loader.js:928:32)\n    at Function.Module._load (internal/modules/cjs/loader.js:769:14)\n    at Function.executeUserEntryPoint [as runMain] (internal/modules/run_main.js:72:12)\n    at internal/main/run_main_module.js:17:47","exception":true,"date":"Sat Jan 30 2021 10:43:01 GMT+0100 (West Africa Standard Time)","process":{"pid":20844,"uid":null,"gid":null,"cwd":"C:\\Users\\Developer\\source\\Interviews\\rule-validation","execPath":"C:\\Program Files\\nodejs\\node.exe","version":"v14.15.4","argv":["C:\\Program Files\\nodejs\\node.exe","C:\\Users\\Developer\\source\\Interviews\\rule-validation\\index.js"],"memoryUsage":{"rss":57843712,"heapTotal":32673792,"heapUsed":20895808,"external":20460760,"arrayBuffers":18996701}},"os":{"loadavg":[0,0,0],"uptime":144424},"trace":[{"column":15,"file":"C:\\Users\\Developer\\source\\Interviews\\rule-validation\\node_modules\\express\\lib\\router\\route.js","function":"Route.<computed> [as get]","line":202,"method":"<computed> [as get]","native":false},{"column":19,"file":"C:\\Users\\Developer\\source\\Interviews\\rule-validation\\node_modules\\express\\lib\\application.js","function":"Function.app.<computed> [as get]","line":482,"method":"<computed> [as get]","native":false},{"column":5,"file":"C:\\Users\\Developer\\source\\Interviews\\rule-validation\\startup\\routes.js","function":"module.exports","line":13,"method":"exports","native":false},{"column":28,"file":"C:\\Users\\Developer\\source\\Interviews\\rule-validation\\index.js","function":null,"line":9,"method":null,"native":false},{"column":30,"file":"internal/modules/cjs/loader.js","function":"Module._compile","line":1063,"method":"_compile","native":false},{"column":10,"file":"internal/modules/cjs/loader.js","function":"Module._extensions..js","line":1092,"method":".js","native":false},{"column":32,"file":"internal/modules/cjs/loader.js","function":"Module.load","line":928,"method":"load","native":false},{"column":14,"file":"internal/modules/cjs/loader.js","function":"Module._load","line":769,"method":"_load","native":false},{"column":12,"file":"internal/modules/run_main.js","function":"Function.executeUserEntryPoint [as runMain]","line":72,"method":"executeUserEntryPoint [as runMain]","native":false},{"column":47,"file":"internal/main/run_main_module.js","function":null,"line":17,"method":null,"native":false}]}
{"error":{},"level":"error","message":"uncaughtException: Route.get() requires a callback function but got a [object Object]\nError: Route.get() requires a callback function but got a [object Object]\n    at Route.<computed> [as get] (C:\\Users\\Developer\\source\\Interviews\\rule-validation\\node_modules\\express\\lib\\router\\route.js:202:15)\n    at Function.app.<computed> [as get] (C:\\Users\\Developer\\source\\Interviews\\rule-validation\\node_modules\\express\\lib\\application.js:482:19)\n    at module.exports (C:\\Users\\Developer\\source\\Interviews\\rule-validation\\startup\\routes.js:13:5)\n    at Object.<anonymous> (C:\\Users\\Developer\\source\\Interviews\\rule-validation\\index.js:9:28)\n    at Module._compile (internal/modules/cjs/loader.js:1063:30)\n    at Object.Module._extensions..js (internal/modules/cjs/loader.js:1092:10)\n    at Module.load (internal/modules/cjs/loader.js:928:32)\n    at Function.Module._load (internal/modules/cjs/loader.js:769:14)\n    at Function.executeUserEntryPoint [as runMain] (internal/modules/run_main.js:72:12)\n    at internal/main/run_main_module.js:17:47","stack":"Error: Route.get() requires a callback function but got a [object Object]\n    at Route.<computed> [as get] (C:\\Users\\Developer\\source\\Interviews\\rule-validation\\node_modules\\express\\lib\\router\\route.js:202:15)\n    at Function.app.<computed> [as get] (C:\\Users\\Developer\\source\\Interviews\\rule-validation\\node_modules\\express\\lib\\application.js:482:19)\n    at module.exports (C:\\Users\\Developer\\source\\Interviews\\rule-validation\\startup\\routes.js:13:5)\n    at Object.<anonymous> (C:\\Users\\Developer\\source\\Interviews\\rule-validation\\index.js:9:28)\n    at Module._compile (internal/modules/cjs/loader.js:1063:30)\n    at Object.Module._extensions..js (internal/modules/cjs/loader.js:1092:10)\n    at Module.load (internal/modules/cjs/loader.js:928:32)\n    at Function.Module._load (internal/modules/cjs/loader.js:769:14)\n    at Function.executeUserEntryPoint [as runMain] (internal/modules/run_main.js:72:12)\n    at internal/main/run_main_module.js:17:47","exception":true,"date":"Sat Jan 30 2021 10:43:52 GMT+0100 (West Africa Standard Time)","process":{"pid":17008,"uid":null,"gid":null,"cwd":"C:\\Users\\Developer\\source\\Interviews\\rule-validation","execPath":"C:\\Program Files\\nodejs\\node.exe","version":"v14.15.4","argv":["C:\\Program Files\\nodejs\\node.exe","C:\\Users\\Developer\\source\\Interviews\\rule-validation\\index.js"],"memoryUsage":{"rss":57565184,"heapTotal":33460224,"heapUsed":18773448,"external":19931315,"arrayBuffers":18467256}},"os":{"loadavg":[0,0,0],"uptime":144475},"trace":[{"column":15,"file":"C:\\Users\\Developer\\source\\Interviews\\rule-validation\\node_modules\\express\\lib\\router\\route.js","function":"Route.<computed> [as get]","line":202,"method":"<computed> [as get]","native":false},{"column":19,"file":"C:\\Users\\Developer\\source\\Interviews\\rule-validation\\node_modules\\express\\lib\\application.js","function":"Function.app.<computed> [as get]","line":482,"method":"<computed> [as get]","native":false},{"column":5,"file":"C:\\Users\\Developer\\source\\Interviews\\rule-validation\\startup\\routes.js","function":"module.exports","line":13,"method":"exports","native":false},{"column":28,"file":"C:\\Users\\Developer\\source\\Interviews\\rule-validation\\index.js","function":null,"line":9,"method":null,"native":false},{"column":30,"file":"internal/modules/cjs/loader.js","function":"Module._compile","line":1063,"method":"_compile","native":false},{"column":10,"file":"internal/modules/cjs/loader.js","function":"Module._extensions..js","line":1092,"method":".js","native":false},{"column":32,"file":"internal/modules/cjs/loader.js","function":"Module.load","line":928,"method":"load","native":false},{"column":14,"file":"internal/modules/cjs/loader.js","function":"Module._load","line":769,"method":"_load","native":false},{"column":12,"file":"internal/modules/run_main.js","function":"Function.executeUserEntryPoint [as runMain]","line":72,"method":"executeUserEntryPoint [as runMain]","native":false},{"column":47,"file":"internal/main/run_main_module.js","function":null,"line":17,"method":null,"native":false}]}
{"error":{},"level":"error","message":"uncaughtException: Route.get() requires a callback function but got a [object Object]\nError: Route.get() requires a callback function but got a [object Object]\n    at Route.<computed> [as get] (C:\\Users\\Developer\\source\\Interviews\\rule-validation\\node_modules\\express\\lib\\router\\route.js:202:15)\n    at Function.app.<computed> [as get] (C:\\Users\\Developer\\source\\Interviews\\rule-validation\\node_modules\\express\\lib\\application.js:482:19)\n    at module.exports (C:\\Users\\Developer\\source\\Interviews\\rule-validation\\startup\\routes.js:13:5)\n    at Object.<anonymous> (C:\\Users\\Developer\\source\\Interviews\\rule-validation\\index.js:9:28)\n    at Module._compile (internal/modules/cjs/loader.js:1063:30)\n    at Object.Module._extensions..js (internal/modules/cjs/loader.js:1092:10)\n    at Module.load (internal/modules/cjs/loader.js:928:32)\n    at Function.Module._load (internal/modules/cjs/loader.js:769:14)\n    at Function.executeUserEntryPoint [as runMain] (internal/modules/run_main.js:72:12)\n    at internal/main/run_main_module.js:17:47","stack":"Error: Route.get() requires a callback function but got a [object Object]\n    at Route.<computed> [as get] (C:\\Users\\Developer\\source\\Interviews\\rule-validation\\node_modules\\express\\lib\\router\\route.js:202:15)\n    at Function.app.<computed> [as get] (C:\\Users\\Developer\\source\\Interviews\\rule-validation\\node_modules\\express\\lib\\application.js:482:19)\n    at module.exports (C:\\Users\\Developer\\source\\Interviews\\rule-validation\\startup\\routes.js:13:5)\n    at Object.<anonymous> (C:\\Users\\Developer\\source\\Interviews\\rule-validation\\index.js:9:28)\n    at Module._compile (internal/modules/cjs/loader.js:1063:30)\n    at Object.Module._extensions..js (internal/modules/cjs/loader.js:1092:10)\n    at Module.load (internal/modules/cjs/loader.js:928:32)\n    at Function.Module._load (internal/modules/cjs/loader.js:769:14)\n    at Function.executeUserEntryPoint [as runMain] (internal/modules/run_main.js:72:12)\n    at internal/main/run_main_module.js:17:47","exception":true,"date":"Sat Jan 30 2021 10:44:51 GMT+0100 (West Africa Standard Time)","process":{"pid":13864,"uid":null,"gid":null,"cwd":"C:\\Users\\Developer\\source\\Interviews\\rule-validation","execPath":"C:\\Program Files\\nodejs\\node.exe","version":"v14.15.4","argv":["C:\\Program Files\\nodejs\\node.exe","C:\\Users\\Developer\\source\\Interviews\\rule-validation\\index.js"],"memoryUsage":{"rss":57872384,"heapTotal":32673792,"heapUsed":20803584,"external":20460760,"arrayBuffers":18996701}},"os":{"loadavg":[0,0,0],"uptime":144535},"trace":[{"column":15,"file":"C:\\Users\\Developer\\source\\Interviews\\rule-validation\\node_modules\\express\\lib\\router\\route.js","function":"Route.<computed> [as get]","line":202,"method":"<computed> [as get]","native":false},{"column":19,"file":"C:\\Users\\Developer\\source\\Interviews\\rule-validation\\node_modules\\express\\lib\\application.js","function":"Function.app.<computed> [as get]","line":482,"method":"<computed> [as get]","native":false},{"column":5,"file":"C:\\Users\\Developer\\source\\Interviews\\rule-validation\\startup\\routes.js","function":"module.exports","line":13,"method":"exports","native":false},{"column":28,"file":"C:\\Users\\Developer\\source\\Interviews\\rule-validation\\index.js","function":null,"line":9,"method":null,"native":false},{"column":30,"file":"internal/modules/cjs/loader.js","function":"Module._compile","line":1063,"method":"_compile","native":false},{"column":10,"file":"internal/modules/cjs/loader.js","function":"Module._extensions..js","line":1092,"method":".js","native":false},{"column":32,"file":"internal/modules/cjs/loader.js","function":"Module.load","line":928,"method":"load","native":false},{"column":14,"file":"internal/modules/cjs/loader.js","function":"Module._load","line":769,"method":"_load","native":false},{"column":12,"file":"internal/modules/run_main.js","function":"Function.executeUserEntryPoint [as runMain]","line":72,"method":"executeUserEntryPoint [as runMain]","native":false},{"column":47,"file":"internal/main/run_main_module.js","function":null,"line":17,"method":null,"native":false}]}
{"error":{},"level":"error","message":"uncaughtException: Invalid shorthand property initializer\nC:\\Users\\Developer\\source\\Interviews\\rule-validation\\routes\\endpoint.js:9\n        pname = config.get(\"profile_name\"),\n        ^^^^^^^^^^^^^^^^^^^^^^^^^^^^^^^^^^\n\nSyntaxError: Invalid shorthand property initializer\n    at wrapSafe (internal/modules/cjs/loader.js:979:16)\n    at Module._compile (internal/modules/cjs/loader.js:1027:27)\n    at Object.Module._extensions..js (internal/modules/cjs/loader.js:1092:10)\n    at Module.load (internal/modules/cjs/loader.js:928:32)\n    at Function.Module._load (internal/modules/cjs/loader.js:769:14)\n    at Module.require (internal/modules/cjs/loader.js:952:19)\n    at require (internal/modules/cjs/helpers.js:88:18)\n    at Object.<anonymous> (C:\\Users\\Developer\\source\\Interviews\\rule-validation\\startup\\routes.js:5:18)\n    at Module._compile (internal/modules/cjs/loader.js:1063:30)\n    at Object.Module._extensions..js (internal/modules/cjs/loader.js:1092:10)\n    at Module.load (internal/modules/cjs/loader.js:928:32)\n    at Function.Module._load (internal/modules/cjs/loader.js:769:14)\n    at Module.require (internal/modules/cjs/loader.js:952:19)\n    at require (internal/modules/cjs/helpers.js:88:18)\n    at Object.<anonymous> (C:\\Users\\Developer\\source\\Interviews\\rule-validation\\index.js:9:1)\n    at Module._compile (internal/modules/cjs/loader.js:1063:30)","stack":"C:\\Users\\Developer\\source\\Interviews\\rule-validation\\routes\\endpoint.js:9\n        pname = config.get(\"profile_name\"),\n        ^^^^^^^^^^^^^^^^^^^^^^^^^^^^^^^^^^\n\nSyntaxError: Invalid shorthand property initializer\n    at wrapSafe (internal/modules/cjs/loader.js:979:16)\n    at Module._compile (internal/modules/cjs/loader.js:1027:27)\n    at Object.Module._extensions..js (internal/modules/cjs/loader.js:1092:10)\n    at Module.load (internal/modules/cjs/loader.js:928:32)\n    at Function.Module._load (internal/modules/cjs/loader.js:769:14)\n    at Module.require (internal/modules/cjs/loader.js:952:19)\n    at require (internal/modules/cjs/helpers.js:88:18)\n    at Object.<anonymous> (C:\\Users\\Developer\\source\\Interviews\\rule-validation\\startup\\routes.js:5:18)\n    at Module._compile (internal/modules/cjs/loader.js:1063:30)\n    at Object.Module._extensions..js (internal/modules/cjs/loader.js:1092:10)\n    at Module.load (internal/modules/cjs/loader.js:928:32)\n    at Function.Module._load (internal/modules/cjs/loader.js:769:14)\n    at Module.require (internal/modules/cjs/loader.js:952:19)\n    at require (internal/modules/cjs/helpers.js:88:18)\n    at Object.<anonymous> (C:\\Users\\Developer\\source\\Interviews\\rule-validation\\index.js:9:1)\n    at Module._compile (internal/modules/cjs/loader.js:1063:30)","exception":true,"date":"Sat Jan 30 2021 10:46:41 GMT+0100 (West Africa Standard Time)","process":{"pid":18136,"uid":null,"gid":null,"cwd":"C:\\Users\\Developer\\source\\Interviews\\rule-validation","execPath":"C:\\Program Files\\nodejs\\node.exe","version":"v14.15.4","argv":["C:\\Program Files\\nodejs\\node.exe","C:\\Users\\Developer\\source\\Interviews\\rule-validation\\index.js"],"memoryUsage":{"rss":57851904,"heapTotal":33460224,"heapUsed":18433200,"external":19938628,"arrayBuffers":18474569}},"os":{"loadavg":[0,0,0],"uptime":144644},"trace":[{"column":16,"file":"internal/modules/cjs/loader.js","function":"wrapSafe","line":979,"method":null,"native":false},{"column":27,"file":"internal/modules/cjs/loader.js","function":"Module._compile","line":1027,"method":"_compile","native":false},{"column":10,"file":"internal/modules/cjs/loader.js","function":"Module._extensions..js","line":1092,"method":".js","native":false},{"column":32,"file":"internal/modules/cjs/loader.js","function":"Module.load","line":928,"method":"load","native":false},{"column":14,"file":"internal/modules/cjs/loader.js","function":"Module._load","line":769,"method":"_load","native":false},{"column":19,"file":"internal/modules/cjs/loader.js","function":"Module.require","line":952,"method":"require","native":false},{"column":18,"file":"internal/modules/cjs/helpers.js","function":"require","line":88,"method":null,"native":false},{"column":18,"file":"C:\\Users\\Developer\\source\\Interviews\\rule-validation\\startup\\routes.js","function":null,"line":5,"method":null,"native":false},{"column":30,"file":"internal/modules/cjs/loader.js","function":"Module._compile","line":1063,"method":"_compile","native":false},{"column":10,"file":"internal/modules/cjs/loader.js","function":"Module._extensions..js","line":1092,"method":".js","native":false},{"column":32,"file":"internal/modules/cjs/loader.js","function":"Module.load","line":928,"method":"load","native":false},{"column":14,"file":"internal/modules/cjs/loader.js","function":"Module._load","line":769,"method":"_load","native":false},{"column":19,"file":"internal/modules/cjs/loader.js","function":"Module.require","line":952,"method":"require","native":false},{"column":18,"file":"internal/modules/cjs/helpers.js","function":"require","line":88,"method":null,"native":false},{"column":1,"file":"C:\\Users\\Developer\\source\\Interviews\\rule-validation\\index.js","function":null,"line":9,"method":null,"native":false},{"column":30,"file":"internal/modules/cjs/loader.js","function":"Module._compile","line":1063,"method":"_compile","native":false}]}
{"error":{},"level":"error","message":"uncaughtException: Invalid shorthand property initializer\nC:\\Users\\Developer\\source\\Interviews\\rule-validation\\routes\\endpoint.js:9\n        pname = config.get(\"profile_name\"),\n        ^^^^^^^^^^^^^^^^^^^^^^^^^^^^^^^^^^\n\nSyntaxError: Invalid shorthand property initializer\n    at wrapSafe (internal/modules/cjs/loader.js:979:16)\n    at Module._compile (internal/modules/cjs/loader.js:1027:27)\n    at Object.Module._extensions..js (internal/modules/cjs/loader.js:1092:10)\n    at Module.load (internal/modules/cjs/loader.js:928:32)\n    at Function.Module._load (internal/modules/cjs/loader.js:769:14)\n    at Module.require (internal/modules/cjs/loader.js:952:19)\n    at require (internal/modules/cjs/helpers.js:88:18)\n    at Object.<anonymous> (C:\\Users\\Developer\\source\\Interviews\\rule-validation\\startup\\routes.js:5:18)\n    at Module._compile (internal/modules/cjs/loader.js:1063:30)\n    at Object.Module._extensions..js (internal/modules/cjs/loader.js:1092:10)\n    at Module.load (internal/modules/cjs/loader.js:928:32)\n    at Function.Module._load (internal/modules/cjs/loader.js:769:14)\n    at Module.require (internal/modules/cjs/loader.js:952:19)\n    at require (internal/modules/cjs/helpers.js:88:18)\n    at Object.<anonymous> (C:\\Users\\Developer\\source\\Interviews\\rule-validation\\index.js:9:1)\n    at Module._compile (internal/modules/cjs/loader.js:1063:30)","stack":"C:\\Users\\Developer\\source\\Interviews\\rule-validation\\routes\\endpoint.js:9\n        pname = config.get(\"profile_name\"),\n        ^^^^^^^^^^^^^^^^^^^^^^^^^^^^^^^^^^\n\nSyntaxError: Invalid shorthand property initializer\n    at wrapSafe (internal/modules/cjs/loader.js:979:16)\n    at Module._compile (internal/modules/cjs/loader.js:1027:27)\n    at Object.Module._extensions..js (internal/modules/cjs/loader.js:1092:10)\n    at Module.load (internal/modules/cjs/loader.js:928:32)\n    at Function.Module._load (internal/modules/cjs/loader.js:769:14)\n    at Module.require (internal/modules/cjs/loader.js:952:19)\n    at require (internal/modules/cjs/helpers.js:88:18)\n    at Object.<anonymous> (C:\\Users\\Developer\\source\\Interviews\\rule-validation\\startup\\routes.js:5:18)\n    at Module._compile (internal/modules/cjs/loader.js:1063:30)\n    at Object.Module._extensions..js (internal/modules/cjs/loader.js:1092:10)\n    at Module.load (internal/modules/cjs/loader.js:928:32)\n    at Function.Module._load (internal/modules/cjs/loader.js:769:14)\n    at Module.require (internal/modules/cjs/loader.js:952:19)\n    at require (internal/modules/cjs/helpers.js:88:18)\n    at Object.<anonymous> (C:\\Users\\Developer\\source\\Interviews\\rule-validation\\index.js:9:1)\n    at Module._compile (internal/modules/cjs/loader.js:1063:30)","exception":true,"date":"Sat Jan 30 2021 10:47:03 GMT+0100 (West Africa Standard Time)","process":{"pid":15708,"uid":null,"gid":null,"cwd":"C:\\Users\\Developer\\source\\Interviews\\rule-validation","execPath":"C:\\Program Files\\nodejs\\node.exe","version":"v14.15.4","argv":["C:\\Program Files\\nodejs\\node.exe","C:\\Users\\Developer\\source\\Interviews\\rule-validation\\index.js"],"memoryUsage":{"rss":57462784,"heapTotal":32411648,"heapUsed":20869800,"external":20462953,"arrayBuffers":18998894}},"os":{"loadavg":[0,0,0],"uptime":144667},"trace":[{"column":16,"file":"internal/modules/cjs/loader.js","function":"wrapSafe","line":979,"method":null,"native":false},{"column":27,"file":"internal/modules/cjs/loader.js","function":"Module._compile","line":1027,"method":"_compile","native":false},{"column":10,"file":"internal/modules/cjs/loader.js","function":"Module._extensions..js","line":1092,"method":".js","native":false},{"column":32,"file":"internal/modules/cjs/loader.js","function":"Module.load","line":928,"method":"load","native":false},{"column":14,"file":"internal/modules/cjs/loader.js","function":"Module._load","line":769,"method":"_load","native":false},{"column":19,"file":"internal/modules/cjs/loader.js","function":"Module.require","line":952,"method":"require","native":false},{"column":18,"file":"internal/modules/cjs/helpers.js","function":"require","line":88,"method":null,"native":false},{"column":18,"file":"C:\\Users\\Developer\\source\\Interviews\\rule-validation\\startup\\routes.js","function":null,"line":5,"method":null,"native":false},{"column":30,"file":"internal/modules/cjs/loader.js","function":"Module._compile","line":1063,"method":"_compile","native":false},{"column":10,"file":"internal/modules/cjs/loader.js","function":"Module._extensions..js","line":1092,"method":".js","native":false},{"column":32,"file":"internal/modules/cjs/loader.js","function":"Module.load","line":928,"method":"load","native":false},{"column":14,"file":"internal/modules/cjs/loader.js","function":"Module._load","line":769,"method":"_load","native":false},{"column":19,"file":"internal/modules/cjs/loader.js","function":"Module.require","line":952,"method":"require","native":false},{"column":18,"file":"internal/modules/cjs/helpers.js","function":"require","line":88,"method":null,"native":false},{"column":1,"file":"C:\\Users\\Developer\\source\\Interviews\\rule-validation\\index.js","function":null,"line":9,"method":null,"native":false},{"column":30,"file":"internal/modules/cjs/loader.js","function":"Module._compile","line":1063,"method":"_compile","native":false}]}
{"error":{},"level":"error","message":"uncaughtException: Route.get() requires a callback function but got a [object Object]\nError: Route.get() requires a callback function but got a [object Object]\n    at Route.<computed> [as get] (C:\\Users\\Developer\\source\\Interviews\\rule-validation\\node_modules\\express\\lib\\router\\route.js:202:15)\n    at Function.app.<computed> [as get] (C:\\Users\\Developer\\source\\Interviews\\rule-validation\\node_modules\\express\\lib\\application.js:482:19)\n    at module.exports (C:\\Users\\Developer\\source\\Interviews\\rule-validation\\startup\\routes.js:13:5)\n    at Object.<anonymous> (C:\\Users\\Developer\\source\\Interviews\\rule-validation\\index.js:9:28)\n    at Module._compile (internal/modules/cjs/loader.js:1063:30)\n    at Object.Module._extensions..js (internal/modules/cjs/loader.js:1092:10)\n    at Module.load (internal/modules/cjs/loader.js:928:32)\n    at Function.Module._load (internal/modules/cjs/loader.js:769:14)\n    at Function.executeUserEntryPoint [as runMain] (internal/modules/run_main.js:72:12)\n    at internal/main/run_main_module.js:17:47","stack":"Error: Route.get() requires a callback function but got a [object Object]\n    at Route.<computed> [as get] (C:\\Users\\Developer\\source\\Interviews\\rule-validation\\node_modules\\express\\lib\\router\\route.js:202:15)\n    at Function.app.<computed> [as get] (C:\\Users\\Developer\\source\\Interviews\\rule-validation\\node_modules\\express\\lib\\application.js:482:19)\n    at module.exports (C:\\Users\\Developer\\source\\Interviews\\rule-validation\\startup\\routes.js:13:5)\n    at Object.<anonymous> (C:\\Users\\Developer\\source\\Interviews\\rule-validation\\index.js:9:28)\n    at Module._compile (internal/modules/cjs/loader.js:1063:30)\n    at Object.Module._extensions..js (internal/modules/cjs/loader.js:1092:10)\n    at Module.load (internal/modules/cjs/loader.js:928:32)\n    at Function.Module._load (internal/modules/cjs/loader.js:769:14)\n    at Function.executeUserEntryPoint [as runMain] (internal/modules/run_main.js:72:12)\n    at internal/main/run_main_module.js:17:47","exception":true,"date":"Sat Jan 30 2021 10:49:44 GMT+0100 (West Africa Standard Time)","process":{"pid":13600,"uid":null,"gid":null,"cwd":"C:\\Users\\Developer\\source\\Interviews\\rule-validation","execPath":"C:\\Program Files\\nodejs\\node.exe","version":"v14.15.4","argv":["C:\\Program Files\\nodejs\\node.exe","C:\\Users\\Developer\\source\\Interviews\\rule-validation\\index.js"],"memoryUsage":{"rss":57655296,"heapTotal":32411648,"heapUsed":20987736,"external":20462953,"arrayBuffers":18998894}},"os":{"loadavg":[0,0,0],"uptime":144828},"trace":[{"column":15,"file":"C:\\Users\\Developer\\source\\Interviews\\rule-validation\\node_modules\\express\\lib\\router\\route.js","function":"Route.<computed> [as get]","line":202,"method":"<computed> [as get]","native":false},{"column":19,"file":"C:\\Users\\Developer\\source\\Interviews\\rule-validation\\node_modules\\express\\lib\\application.js","function":"Function.app.<computed> [as get]","line":482,"method":"<computed> [as get]","native":false},{"column":5,"file":"C:\\Users\\Developer\\source\\Interviews\\rule-validation\\startup\\routes.js","function":"module.exports","line":13,"method":"exports","native":false},{"column":28,"file":"C:\\Users\\Developer\\source\\Interviews\\rule-validation\\index.js","function":null,"line":9,"method":null,"native":false},{"column":30,"file":"internal/modules/cjs/loader.js","function":"Module._compile","line":1063,"method":"_compile","native":false},{"column":10,"file":"internal/modules/cjs/loader.js","function":"Module._extensions..js","line":1092,"method":".js","native":false},{"column":32,"file":"internal/modules/cjs/loader.js","function":"Module.load","line":928,"method":"load","native":false},{"column":14,"file":"internal/modules/cjs/loader.js","function":"Module._load","line":769,"method":"_load","native":false},{"column":12,"file":"internal/modules/run_main.js","function":"Function.executeUserEntryPoint [as runMain]","line":72,"method":"executeUserEntryPoint [as runMain]","native":false},{"column":47,"file":"internal/main/run_main_module.js","function":null,"line":17,"method":null,"native":false}]}
{"error":{},"level":"error","message":"uncaughtException: Route.get() requires a callback function but got a [object Object]\nError: Route.get() requires a callback function but got a [object Object]\n    at Route.<computed> [as get] (C:\\Users\\Developer\\source\\Interviews\\rule-validation\\node_modules\\express\\lib\\router\\route.js:202:15)\n    at Function.app.<computed> [as get] (C:\\Users\\Developer\\source\\Interviews\\rule-validation\\node_modules\\express\\lib\\application.js:482:19)\n    at module.exports (C:\\Users\\Developer\\source\\Interviews\\rule-validation\\startup\\routes.js:13:5)\n    at Object.<anonymous> (C:\\Users\\Developer\\source\\Interviews\\rule-validation\\index.js:9:28)\n    at Module._compile (internal/modules/cjs/loader.js:1063:30)\n    at Object.Module._extensions..js (internal/modules/cjs/loader.js:1092:10)\n    at Module.load (internal/modules/cjs/loader.js:928:32)\n    at Function.Module._load (internal/modules/cjs/loader.js:769:14)\n    at Function.executeUserEntryPoint [as runMain] (internal/modules/run_main.js:72:12)\n    at internal/main/run_main_module.js:17:47","stack":"Error: Route.get() requires a callback function but got a [object Object]\n    at Route.<computed> [as get] (C:\\Users\\Developer\\source\\Interviews\\rule-validation\\node_modules\\express\\lib\\router\\route.js:202:15)\n    at Function.app.<computed> [as get] (C:\\Users\\Developer\\source\\Interviews\\rule-validation\\node_modules\\express\\lib\\application.js:482:19)\n    at module.exports (C:\\Users\\Developer\\source\\Interviews\\rule-validation\\startup\\routes.js:13:5)\n    at Object.<anonymous> (C:\\Users\\Developer\\source\\Interviews\\rule-validation\\index.js:9:28)\n    at Module._compile (internal/modules/cjs/loader.js:1063:30)\n    at Object.Module._extensions..js (internal/modules/cjs/loader.js:1092:10)\n    at Module.load (internal/modules/cjs/loader.js:928:32)\n    at Function.Module._load (internal/modules/cjs/loader.js:769:14)\n    at Function.executeUserEntryPoint [as runMain] (internal/modules/run_main.js:72:12)\n    at internal/main/run_main_module.js:17:47","exception":true,"date":"Sat Jan 30 2021 10:52:32 GMT+0100 (West Africa Standard Time)","process":{"pid":17076,"uid":null,"gid":null,"cwd":"C:\\Users\\Developer\\source\\Interviews\\rule-validation","execPath":"C:\\Program Files\\nodejs\\node.exe","version":"v14.15.4","argv":["C:\\Program Files\\nodejs\\node.exe","C:\\Users\\Developer\\source\\Interviews\\rule-validation\\index.js"],"memoryUsage":{"rss":57991168,"heapTotal":33722368,"heapUsed":18793208,"external":19958712,"arrayBuffers":18494653}},"os":{"loadavg":[0,0,0],"uptime":144996},"trace":[{"column":15,"file":"C:\\Users\\Developer\\source\\Interviews\\rule-validation\\node_modules\\express\\lib\\router\\route.js","function":"Route.<computed> [as get]","line":202,"method":"<computed> [as get]","native":false},{"column":19,"file":"C:\\Users\\Developer\\source\\Interviews\\rule-validation\\node_modules\\express\\lib\\application.js","function":"Function.app.<computed> [as get]","line":482,"method":"<computed> [as get]","native":false},{"column":5,"file":"C:\\Users\\Developer\\source\\Interviews\\rule-validation\\startup\\routes.js","function":"module.exports","line":13,"method":"exports","native":false},{"column":28,"file":"C:\\Users\\Developer\\source\\Interviews\\rule-validation\\index.js","function":null,"line":9,"method":null,"native":false},{"column":30,"file":"internal/modules/cjs/loader.js","function":"Module._compile","line":1063,"method":"_compile","native":false},{"column":10,"file":"internal/modules/cjs/loader.js","function":"Module._extensions..js","line":1092,"method":".js","native":false},{"column":32,"file":"internal/modules/cjs/loader.js","function":"Module.load","line":928,"method":"load","native":false},{"column":14,"file":"internal/modules/cjs/loader.js","function":"Module._load","line":769,"method":"_load","native":false},{"column":12,"file":"internal/modules/run_main.js","function":"Function.executeUserEntryPoint [as runMain]","line":72,"method":"executeUserEntryPoint [as runMain]","native":false},{"column":47,"file":"internal/main/run_main_module.js","function":null,"line":17,"method":null,"native":false}]}
{"error":{},"level":"error","message":"uncaughtException: Route.get() requires a callback function but got a [object Object]\nError: Route.get() requires a callback function but got a [object Object]\n    at Route.<computed> [as get] (C:\\Users\\Developer\\source\\Interviews\\rule-validation\\node_modules\\express\\lib\\router\\route.js:202:15)\n    at Function.app.<computed> [as get] (C:\\Users\\Developer\\source\\Interviews\\rule-validation\\node_modules\\express\\lib\\application.js:482:19)\n    at module.exports (C:\\Users\\Developer\\source\\Interviews\\rule-validation\\startup\\routes.js:12:9)\n    at Object.<anonymous> (C:\\Users\\Developer\\source\\Interviews\\rule-validation\\index.js:9:28)\n    at Module._compile (internal/modules/cjs/loader.js:1063:30)\n    at Object.Module._extensions..js (internal/modules/cjs/loader.js:1092:10)\n    at Module.load (internal/modules/cjs/loader.js:928:32)\n    at Function.Module._load (internal/modules/cjs/loader.js:769:14)\n    at Function.executeUserEntryPoint [as runMain] (internal/modules/run_main.js:72:12)\n    at internal/main/run_main_module.js:17:47","stack":"Error: Route.get() requires a callback function but got a [object Object]\n    at Route.<computed> [as get] (C:\\Users\\Developer\\source\\Interviews\\rule-validation\\node_modules\\express\\lib\\router\\route.js:202:15)\n    at Function.app.<computed> [as get] (C:\\Users\\Developer\\source\\Interviews\\rule-validation\\node_modules\\express\\lib\\application.js:482:19)\n    at module.exports (C:\\Users\\Developer\\source\\Interviews\\rule-validation\\startup\\routes.js:12:9)\n    at Object.<anonymous> (C:\\Users\\Developer\\source\\Interviews\\rule-validation\\index.js:9:28)\n    at Module._compile (internal/modules/cjs/loader.js:1063:30)\n    at Object.Module._extensions..js (internal/modules/cjs/loader.js:1092:10)\n    at Module.load (internal/modules/cjs/loader.js:928:32)\n    at Function.Module._load (internal/modules/cjs/loader.js:769:14)\n    at Function.executeUserEntryPoint [as runMain] (internal/modules/run_main.js:72:12)\n    at internal/main/run_main_module.js:17:47","exception":true,"date":"Sat Jan 30 2021 10:59:39 GMT+0100 (West Africa Standard Time)","process":{"pid":14480,"uid":null,"gid":null,"cwd":"C:\\Users\\Developer\\source\\Interviews\\rule-validation","execPath":"C:\\Program Files\\nodejs\\node.exe","version":"v14.15.4","argv":["C:\\Program Files\\nodejs\\node.exe","C:\\Users\\Developer\\source\\Interviews\\rule-validation\\index.js"],"memoryUsage":{"rss":57774080,"heapTotal":32935936,"heapUsed":18709352,"external":19916271,"arrayBuffers":18452212}},"os":{"loadavg":[0,0,0],"uptime":145422},"trace":[{"column":15,"file":"C:\\Users\\Developer\\source\\Interviews\\rule-validation\\node_modules\\express\\lib\\router\\route.js","function":"Route.<computed> [as get]","line":202,"method":"<computed> [as get]","native":false},{"column":19,"file":"C:\\Users\\Developer\\source\\Interviews\\rule-validation\\node_modules\\express\\lib\\application.js","function":"Function.app.<computed> [as get]","line":482,"method":"<computed> [as get]","native":false},{"column":9,"file":"C:\\Users\\Developer\\source\\Interviews\\rule-validation\\startup\\routes.js","function":"module.exports","line":12,"method":"exports","native":false},{"column":28,"file":"C:\\Users\\Developer\\source\\Interviews\\rule-validation\\index.js","function":null,"line":9,"method":null,"native":false},{"column":30,"file":"internal/modules/cjs/loader.js","function":"Module._compile","line":1063,"method":"_compile","native":false},{"column":10,"file":"internal/modules/cjs/loader.js","function":"Module._extensions..js","line":1092,"method":".js","native":false},{"column":32,"file":"internal/modules/cjs/loader.js","function":"Module.load","line":928,"method":"load","native":false},{"column":14,"file":"internal/modules/cjs/loader.js","function":"Module._load","line":769,"method":"_load","native":false},{"column":12,"file":"internal/modules/run_main.js","function":"Function.executeUserEntryPoint [as runMain]","line":72,"method":"executeUserEntryPoint [as runMain]","native":false},{"column":47,"file":"internal/main/run_main_module.js","function":null,"line":17,"method":null,"native":false}]}
{"error":{},"level":"error","message":"uncaughtException: Invalid shorthand property initializer\nC:\\Users\\Developer\\source\\Interviews\\rule-validation\\routes\\endpoint.js:9\n         name = config.get(\"profile_name\"),\n         ^^^^^^^^^^^^^^^^^^^^^^^^^^^^^^^^^\n\nSyntaxError: Invalid shorthand property initializer\n    at wrapSafe (internal/modules/cjs/loader.js:979:16)\n    at Module._compile (internal/modules/cjs/loader.js:1027:27)\n    at Object.Module._extensions..js (internal/modules/cjs/loader.js:1092:10)\n    at Module.load (internal/modules/cjs/loader.js:928:32)\n    at Function.Module._load (internal/modules/cjs/loader.js:769:14)\n    at Module.require (internal/modules/cjs/loader.js:952:19)\n    at require (internal/modules/cjs/helpers.js:88:18)\n    at Object.<anonymous> (C:\\Users\\Developer\\source\\Interviews\\rule-validation\\startup\\routes.js:4:18)\n    at Module._compile (internal/modules/cjs/loader.js:1063:30)\n    at Object.Module._extensions..js (internal/modules/cjs/loader.js:1092:10)\n    at Module.load (internal/modules/cjs/loader.js:928:32)\n    at Function.Module._load (internal/modules/cjs/loader.js:769:14)\n    at Module.require (internal/modules/cjs/loader.js:952:19)\n    at require (internal/modules/cjs/helpers.js:88:18)\n    at Object.<anonymous> (C:\\Users\\Developer\\source\\Interviews\\rule-validation\\index.js:9:1)\n    at Module._compile (internal/modules/cjs/loader.js:1063:30)","stack":"C:\\Users\\Developer\\source\\Interviews\\rule-validation\\routes\\endpoint.js:9\n         name = config.get(\"profile_name\"),\n         ^^^^^^^^^^^^^^^^^^^^^^^^^^^^^^^^^\n\nSyntaxError: Invalid shorthand property initializer\n    at wrapSafe (internal/modules/cjs/loader.js:979:16)\n    at Module._compile (internal/modules/cjs/loader.js:1027:27)\n    at Object.Module._extensions..js (internal/modules/cjs/loader.js:1092:10)\n    at Module.load (internal/modules/cjs/loader.js:928:32)\n    at Function.Module._load (internal/modules/cjs/loader.js:769:14)\n    at Module.require (internal/modules/cjs/loader.js:952:19)\n    at require (internal/modules/cjs/helpers.js:88:18)\n    at Object.<anonymous> (C:\\Users\\Developer\\source\\Interviews\\rule-validation\\startup\\routes.js:4:18)\n    at Module._compile (internal/modules/cjs/loader.js:1063:30)\n    at Object.Module._extensions..js (internal/modules/cjs/loader.js:1092:10)\n    at Module.load (internal/modules/cjs/loader.js:928:32)\n    at Function.Module._load (internal/modules/cjs/loader.js:769:14)\n    at Module.require (internal/modules/cjs/loader.js:952:19)\n    at require (internal/modules/cjs/helpers.js:88:18)\n    at Object.<anonymous> (C:\\Users\\Developer\\source\\Interviews\\rule-validation\\index.js:9:1)\n    at Module._compile (internal/modules/cjs/loader.js:1063:30)","exception":true,"date":"Sat Jan 30 2021 11:12:08 GMT+0100 (West Africa Standard Time)","process":{"pid":8764,"uid":null,"gid":null,"cwd":"C:\\Users\\Developer\\source\\Interviews\\rule-validation","execPath":"C:\\Program Files\\nodejs\\node.exe","version":"v14.15.4","argv":["C:\\Program Files\\nodejs\\node.exe","C:\\Users\\Developer\\source\\Interviews\\rule-validation\\index.js"],"memoryUsage":{"rss":57847808,"heapTotal":32673792,"heapUsed":20839368,"external":20452568,"arrayBuffers":18988509}},"os":{"loadavg":[0,0,0],"uptime":146171},"trace":[{"column":16,"file":"internal/modules/cjs/loader.js","function":"wrapSafe","line":979,"method":null,"native":false},{"column":27,"file":"internal/modules/cjs/loader.js","function":"Module._compile","line":1027,"method":"_compile","native":false},{"column":10,"file":"internal/modules/cjs/loader.js","function":"Module._extensions..js","line":1092,"method":".js","native":false},{"column":32,"file":"internal/modules/cjs/loader.js","function":"Module.load","line":928,"method":"load","native":false},{"column":14,"file":"internal/modules/cjs/loader.js","function":"Module._load","line":769,"method":"_load","native":false},{"column":19,"file":"internal/modules/cjs/loader.js","function":"Module.require","line":952,"method":"require","native":false},{"column":18,"file":"internal/modules/cjs/helpers.js","function":"require","line":88,"method":null,"native":false},{"column":18,"file":"C:\\Users\\Developer\\source\\Interviews\\rule-validation\\startup\\routes.js","function":null,"line":4,"method":null,"native":false},{"column":30,"file":"internal/modules/cjs/loader.js","function":"Module._compile","line":1063,"method":"_compile","native":false},{"column":10,"file":"internal/modules/cjs/loader.js","function":"Module._extensions..js","line":1092,"method":".js","native":false},{"column":32,"file":"internal/modules/cjs/loader.js","function":"Module.load","line":928,"method":"load","native":false},{"column":14,"file":"internal/modules/cjs/loader.js","function":"Module._load","line":769,"method":"_load","native":false},{"column":19,"file":"internal/modules/cjs/loader.js","function":"Module.require","line":952,"method":"require","native":false},{"column":18,"file":"internal/modules/cjs/helpers.js","function":"require","line":88,"method":null,"native":false},{"column":1,"file":"C:\\Users\\Developer\\source\\Interviews\\rule-validation\\index.js","function":null,"line":9,"method":null,"native":false},{"column":30,"file":"internal/modules/cjs/loader.js","function":"Module._compile","line":1063,"method":"_compile","native":false}]}
{"error":{},"level":"error","message":"uncaughtException: Unexpected token '}'\n/Users/damolaa.dekoya/playground/js/rule-validation-api/routes/endpoint.js:23\n})\n^\n\nSyntaxError: Unexpected token '}'\n    at wrapSafe (internal/modules/cjs/loader.js:1072:16)\n    at Module._compile (internal/modules/cjs/loader.js:1122:27)\n    at Object.Module._extensions..js (internal/modules/cjs/loader.js:1178:10)\n    at Module.load (internal/modules/cjs/loader.js:1002:32)\n    at Function.Module._load (internal/modules/cjs/loader.js:901:14)\n    at Module.require (internal/modules/cjs/loader.js:1044:19)\n    at require (internal/modules/cjs/helpers.js:77:18)\n    at Object.<anonymous> (/Users/damolaa.dekoya/playground/js/rule-validation-api/startup/routes.js:4:18)\n    at Module._compile (internal/modules/cjs/loader.js:1158:30)\n    at Object.Module._extensions..js (internal/modules/cjs/loader.js:1178:10)\n    at Module.load (internal/modules/cjs/loader.js:1002:32)\n    at Function.Module._load (internal/modules/cjs/loader.js:901:14)\n    at Module.require (internal/modules/cjs/loader.js:1044:19)\n    at require (internal/modules/cjs/helpers.js:77:18)\n    at Object.<anonymous> (/Users/damolaa.dekoya/playground/js/rule-validation-api/index.js:9:1)\n    at Module._compile (internal/modules/cjs/loader.js:1158:30)","stack":"/Users/damolaa.dekoya/playground/js/rule-validation-api/routes/endpoint.js:23\n})\n^\n\nSyntaxError: Unexpected token '}'\n    at wrapSafe (internal/modules/cjs/loader.js:1072:16)\n    at Module._compile (internal/modules/cjs/loader.js:1122:27)\n    at Object.Module._extensions..js (internal/modules/cjs/loader.js:1178:10)\n    at Module.load (internal/modules/cjs/loader.js:1002:32)\n    at Function.Module._load (internal/modules/cjs/loader.js:901:14)\n    at Module.require (internal/modules/cjs/loader.js:1044:19)\n    at require (internal/modules/cjs/helpers.js:77:18)\n    at Object.<anonymous> (/Users/damolaa.dekoya/playground/js/rule-validation-api/startup/routes.js:4:18)\n    at Module._compile (internal/modules/cjs/loader.js:1158:30)\n    at Object.Module._extensions..js (internal/modules/cjs/loader.js:1178:10)\n    at Module.load (internal/modules/cjs/loader.js:1002:32)\n    at Function.Module._load (internal/modules/cjs/loader.js:901:14)\n    at Module.require (internal/modules/cjs/loader.js:1044:19)\n    at require (internal/modules/cjs/helpers.js:77:18)\n    at Object.<anonymous> (/Users/damolaa.dekoya/playground/js/rule-validation-api/index.js:9:1)\n    at Module._compile (internal/modules/cjs/loader.js:1158:30)","exception":true,"date":"Sat Jan 30 2021 12:09:57 GMT+0100 (West Africa Standard Time)","process":{"pid":47453,"uid":502,"gid":20,"cwd":"/Users/damolaa.dekoya/playground/js/rule-validation-api","execPath":"/usr/local/bin/node","version":"v12.16.1","argv":["/usr/local/bin/node","/Users/damolaa.dekoya/playground/js/rule-validation-api/index.js"],"memoryUsage":{"rss":55123968,"heapTotal":30756864,"heapUsed":20349088,"external":21210920}},"os":{"loadavg":[18.64208984375,9.63525390625,7.1533203125],"uptime":79528},"trace":[{"column":16,"file":"internal/modules/cjs/loader.js","function":"wrapSafe","line":1072,"method":null,"native":false},{"column":27,"file":"internal/modules/cjs/loader.js","function":"Module._compile","line":1122,"method":"_compile","native":false},{"column":10,"file":"internal/modules/cjs/loader.js","function":"Module._extensions..js","line":1178,"method":".js","native":false},{"column":32,"file":"internal/modules/cjs/loader.js","function":"Module.load","line":1002,"method":"load","native":false},{"column":14,"file":"internal/modules/cjs/loader.js","function":"Module._load","line":901,"method":"_load","native":false},{"column":19,"file":"internal/modules/cjs/loader.js","function":"Module.require","line":1044,"method":"require","native":false},{"column":18,"file":"internal/modules/cjs/helpers.js","function":"require","line":77,"method":null,"native":false},{"column":18,"file":"/Users/damolaa.dekoya/playground/js/rule-validation-api/startup/routes.js","function":null,"line":4,"method":null,"native":false},{"column":30,"file":"internal/modules/cjs/loader.js","function":"Module._compile","line":1158,"method":"_compile","native":false},{"column":10,"file":"internal/modules/cjs/loader.js","function":"Module._extensions..js","line":1178,"method":".js","native":false},{"column":32,"file":"internal/modules/cjs/loader.js","function":"Module.load","line":1002,"method":"load","native":false},{"column":14,"file":"internal/modules/cjs/loader.js","function":"Module._load","line":901,"method":"_load","native":false},{"column":19,"file":"internal/modules/cjs/loader.js","function":"Module.require","line":1044,"method":"require","native":false},{"column":18,"file":"internal/modules/cjs/helpers.js","function":"require","line":77,"method":null,"native":false},{"column":1,"file":"/Users/damolaa.dekoya/playground/js/rule-validation-api/index.js","function":null,"line":9,"method":null,"native":false},{"column":30,"file":"internal/modules/cjs/loader.js","function":"Module._compile","line":1158,"method":"_compile","native":false}]}
{"error":{},"level":"error","message":"uncaughtException: Unexpected token '}'\n/Users/damolaa.dekoya/playground/js/rule-validation-api/routes/endpoint.js:23\n});\n^\n\nSyntaxError: Unexpected token '}'\n    at wrapSafe (internal/modules/cjs/loader.js:1072:16)\n    at Module._compile (internal/modules/cjs/loader.js:1122:27)\n    at Object.Module._extensions..js (internal/modules/cjs/loader.js:1178:10)\n    at Module.load (internal/modules/cjs/loader.js:1002:32)\n    at Function.Module._load (internal/modules/cjs/loader.js:901:14)\n    at Module.require (internal/modules/cjs/loader.js:1044:19)\n    at require (internal/modules/cjs/helpers.js:77:18)\n    at Object.<anonymous> (/Users/damolaa.dekoya/playground/js/rule-validation-api/startup/routes.js:4:18)\n    at Module._compile (internal/modules/cjs/loader.js:1158:30)\n    at Object.Module._extensions..js (internal/modules/cjs/loader.js:1178:10)\n    at Module.load (internal/modules/cjs/loader.js:1002:32)\n    at Function.Module._load (internal/modules/cjs/loader.js:901:14)\n    at Module.require (internal/modules/cjs/loader.js:1044:19)\n    at require (internal/modules/cjs/helpers.js:77:18)\n    at Object.<anonymous> (/Users/damolaa.dekoya/playground/js/rule-validation-api/index.js:9:1)\n    at Module._compile (internal/modules/cjs/loader.js:1158:30)","stack":"/Users/damolaa.dekoya/playground/js/rule-validation-api/routes/endpoint.js:23\n});\n^\n\nSyntaxError: Unexpected token '}'\n    at wrapSafe (internal/modules/cjs/loader.js:1072:16)\n    at Module._compile (internal/modules/cjs/loader.js:1122:27)\n    at Object.Module._extensions..js (internal/modules/cjs/loader.js:1178:10)\n    at Module.load (internal/modules/cjs/loader.js:1002:32)\n    at Function.Module._load (internal/modules/cjs/loader.js:901:14)\n    at Module.require (internal/modules/cjs/loader.js:1044:19)\n    at require (internal/modules/cjs/helpers.js:77:18)\n    at Object.<anonymous> (/Users/damolaa.dekoya/playground/js/rule-validation-api/startup/routes.js:4:18)\n    at Module._compile (internal/modules/cjs/loader.js:1158:30)\n    at Object.Module._extensions..js (internal/modules/cjs/loader.js:1178:10)\n    at Module.load (internal/modules/cjs/loader.js:1002:32)\n    at Function.Module._load (internal/modules/cjs/loader.js:901:14)\n    at Module.require (internal/modules/cjs/loader.js:1044:19)\n    at require (internal/modules/cjs/helpers.js:77:18)\n    at Object.<anonymous> (/Users/damolaa.dekoya/playground/js/rule-validation-api/index.js:9:1)\n    at Module._compile (internal/modules/cjs/loader.js:1158:30)","exception":true,"date":"Sat Jan 30 2021 12:12:07 GMT+0100 (West Africa Standard Time)","process":{"pid":47756,"uid":502,"gid":20,"cwd":"/Users/damolaa.dekoya/playground/js/rule-validation-api","execPath":"/usr/local/bin/node","version":"v12.16.1","argv":["/usr/local/bin/node","/Users/damolaa.dekoya/playground/js/rule-validation-api/index.js"],"memoryUsage":{"rss":54960128,"heapTotal":30494720,"heapUsed":20476344,"external":21210920}},"os":{"loadavg":[5.6748046875,8.21044921875,6.97802734375],"uptime":79658},"trace":[{"column":16,"file":"internal/modules/cjs/loader.js","function":"wrapSafe","line":1072,"method":null,"native":false},{"column":27,"file":"internal/modules/cjs/loader.js","function":"Module._compile","line":1122,"method":"_compile","native":false},{"column":10,"file":"internal/modules/cjs/loader.js","function":"Module._extensions..js","line":1178,"method":".js","native":false},{"column":32,"file":"internal/modules/cjs/loader.js","function":"Module.load","line":1002,"method":"load","native":false},{"column":14,"file":"internal/modules/cjs/loader.js","function":"Module._load","line":901,"method":"_load","native":false},{"column":19,"file":"internal/modules/cjs/loader.js","function":"Module.require","line":1044,"method":"require","native":false},{"column":18,"file":"internal/modules/cjs/helpers.js","function":"require","line":77,"method":null,"native":false},{"column":18,"file":"/Users/damolaa.dekoya/playground/js/rule-validation-api/startup/routes.js","function":null,"line":4,"method":null,"native":false},{"column":30,"file":"internal/modules/cjs/loader.js","function":"Module._compile","line":1158,"method":"_compile","native":false},{"column":10,"file":"internal/modules/cjs/loader.js","function":"Module._extensions..js","line":1178,"method":".js","native":false},{"column":32,"file":"internal/modules/cjs/loader.js","function":"Module.load","line":1002,"method":"load","native":false},{"column":14,"file":"internal/modules/cjs/loader.js","function":"Module._load","line":901,"method":"_load","native":false},{"column":19,"file":"internal/modules/cjs/loader.js","function":"Module.require","line":1044,"method":"require","native":false},{"column":18,"file":"internal/modules/cjs/helpers.js","function":"require","line":77,"method":null,"native":false},{"column":1,"file":"/Users/damolaa.dekoya/playground/js/rule-validation-api/index.js","function":null,"line":9,"method":null,"native":false},{"column":30,"file":"internal/modules/cjs/loader.js","function":"Module._compile","line":1158,"method":"_compile","native":false}]}
